/home/zhoujh/Edge-Cloud-diffusion/MyCogVideo-v2v/videox_fun/dist/wan_xfuser.py:22: FutureWarning: `torch.cuda.amp.autocast(args...)` is deprecated. Please use `torch.amp.autocast('cuda', args...)` instead.
  @amp.autocast(enabled=False)
/home/zhoujh/Edge-Cloud-diffusion/MyCogVideo-v2v/videox_fun/dist/wan_xfuser.py:113: FutureWarning: `torch.cuda.amp.autocast(args...)` is deprecated. Please use `torch.amp.autocast('cuda', args...)` instead.
  @amp.autocast(enabled=False)
/home/zhoujh/Edge-Cloud-diffusion/MyCogVideo-v2v/videox_fun/models/wan_transformer3d.py:44: FutureWarning: `torch.cuda.amp.autocast(args...)` is deprecated. Please use `torch.amp.autocast('cuda', args...)` instead.
  @amp.autocast(enabled=False)
/home/zhoujh/Edge-Cloud-diffusion/MyCogVideo-v2v/videox_fun/models/wan_transformer3d.py:56: FutureWarning: `torch.cuda.amp.autocast(args...)` is deprecated. Please use `torch.amp.autocast('cuda', args...)` instead.
  @amp.autocast(enabled=False)
/home/zhoujh/Edge-Cloud-diffusion/MyCogVideo-v2v/videox_fun/models/wan_transformer3d.py:135: FutureWarning: `torch.cuda.amp.autocast(args...)` is deprecated. Please use `torch.amp.autocast('cuda', args...)` instead.
  @amp.autocast(enabled=False)
/home/zhoujh/Edge-Cloud-diffusion/MyCogVideo-v2v/videox_fun/models/wan_audio_injector.py:103: FutureWarning: `torch.cuda.amp.autocast(args...)` is deprecated. Please use `torch.amp.autocast('cuda', args...)` instead.
  @amp.autocast(enabled=False)
/home/zhoujh/Edge-Cloud-diffusion/MyCogVideo-v2v/videox_fun/models/wan_audio_injector.py:114: FutureWarning: `torch.cuda.amp.autocast(args...)` is deprecated. Please use `torch.amp.autocast('cuda', args...)` instead.
  @amp.autocast(enabled=False)
/home/zhoujh/Edge-Cloud-diffusion/MyCogVideo-v2v/videox_fun/models/wan_transformer3d_s2v.py:55: FutureWarning: `torch.cuda.amp.autocast(args...)` is deprecated. Please use `torch.amp.autocast('cuda', args...)` instead.
  @amp.autocast(enabled=False)
`torch_dtype` is deprecated! Use `dtype` instead!
☁️ [Cloud] Initializing DEBUG Server on cuda...
Loading checkpoint shards:   0%|          | 0/2 [00:00<?, ?it/s]Loading checkpoint shards:  50%|█████     | 1/2 [00:00<00:00,  1.77it/s]Loading checkpoint shards: 100%|██████████| 2/2 [00:01<00:00,  1.88it/s]Loading checkpoint shards: 100%|██████████| 2/2 [00:01<00:00,  1.86it/s]
INFO:     Started server process [8807]
INFO:     Waiting for application startup.
INFO:     Application startup complete.
INFO:     Uvicorn running on http://0.0.0.0:12345 (Press CTRL+C to quit)
loaded 3D transformer's pretrained weights from models/Diffusion_Transformer/CogVideoX-Fun-V1.1-2b-InP/transformer ...
✅ Server Models Loaded!
INFO:     127.0.0.1:56176 - "GET /health HTTP/1.1" 200 OK

🔍 [DEBUG] New Request | Seed: 43 | CFG Ratio: 1.0
   Shape Received: [1, 4, 16, 48, 84] (Frames=16)
   Denoising Steps: 40 (Total 50 * Strength 0.8)
   CFG Strategy: Steps 0-39 [ON], Steps 40-39 [OFF]
   Step 0/40 | Mode: DOUBLE (CFG)
   Step 39/40 | Mode: DOUBLE (CFG)
✅ Done. Time: 10.8189s
INFO:     127.0.0.1:56186 - "POST /inference HTTP/1.1" 200 OK

🔍 [DEBUG] New Request | Seed: 44 | CFG Ratio: 1.0
   Shape Received: [1, 4, 16, 48, 84] (Frames=16)
   Denoising Steps: 40 (Total 50 * Strength 0.8)
   CFG Strategy: Steps 0-39 [ON], Steps 40-39 [OFF]
   Step 0/40 | Mode: DOUBLE (CFG)
   Step 39/40 | Mode: DOUBLE (CFG)
✅ Done. Time: 10.4929s
INFO:     127.0.0.1:53206 - "POST /inference HTTP/1.1" 200 OK

🔍 [DEBUG] New Request | Seed: 45 | CFG Ratio: 1.0
   Shape Received: [1, 4, 16, 48, 84] (Frames=16)
   Denoising Steps: 40 (Total 50 * Strength 0.8)
   CFG Strategy: Steps 0-39 [ON], Steps 40-39 [OFF]
   Step 0/40 | Mode: DOUBLE (CFG)
   Step 39/40 | Mode: DOUBLE (CFG)
✅ Done. Time: 10.5189s
INFO:     127.0.0.1:38450 - "POST /inference HTTP/1.1" 200 OK

🔍 [DEBUG] New Request | Seed: 43 | CFG Ratio: 1.0
   Shape Received: [1, 5, 16, 48, 84] (Frames=16)
   Denoising Steps: 40 (Total 50 * Strength 0.8)
   CFG Strategy: Steps 0-39 [ON], Steps 40-39 [OFF]
   Step 0/40 | Mode: DOUBLE (CFG)
   Step 39/40 | Mode: DOUBLE (CFG)
✅ Done. Time: 13.7922s
INFO:     127.0.0.1:37546 - "POST /inference HTTP/1.1" 200 OK

🔍 [DEBUG] New Request | Seed: 44 | CFG Ratio: 1.0
   Shape Received: [1, 5, 16, 48, 84] (Frames=16)
   Denoising Steps: 40 (Total 50 * Strength 0.8)
   CFG Strategy: Steps 0-39 [ON], Steps 40-39 [OFF]
   Step 0/40 | Mode: DOUBLE (CFG)
   Step 39/40 | Mode: DOUBLE (CFG)
✅ Done. Time: 13.7876s
INFO:     127.0.0.1:57248 - "POST /inference HTTP/1.1" 200 OK

🔍 [DEBUG] New Request | Seed: 45 | CFG Ratio: 1.0
   Shape Received: [1, 5, 16, 48, 84] (Frames=16)
   Denoising Steps: 40 (Total 50 * Strength 0.8)
   CFG Strategy: Steps 0-39 [ON], Steps 40-39 [OFF]
   Step 0/40 | Mode: DOUBLE (CFG)
   Step 39/40 | Mode: DOUBLE (CFG)
✅ Done. Time: 13.8138s
INFO:     127.0.0.1:44852 - "POST /inference HTTP/1.1" 200 OK

🔍 [DEBUG] New Request | Seed: 43 | CFG Ratio: 1.0
   Shape Received: [1, 6, 16, 48, 84] (Frames=16)
   Denoising Steps: 40 (Total 50 * Strength 0.8)
   CFG Strategy: Steps 0-39 [ON], Steps 40-39 [OFF]
   Step 0/40 | Mode: DOUBLE (CFG)
   Step 39/40 | Mode: DOUBLE (CFG)
✅ Done. Time: 17.4035s
INFO:     127.0.0.1:55272 - "POST /inference HTTP/1.1" 200 OK

🔍 [DEBUG] New Request | Seed: 44 | CFG Ratio: 1.0
   Shape Received: [1, 6, 16, 48, 84] (Frames=16)
   Denoising Steps: 40 (Total 50 * Strength 0.8)
   CFG Strategy: Steps 0-39 [ON], Steps 40-39 [OFF]
   Step 0/40 | Mode: DOUBLE (CFG)
   Step 39/40 | Mode: DOUBLE (CFG)
✅ Done. Time: 17.3955s
INFO:     127.0.0.1:59586 - "POST /inference HTTP/1.1" 200 OK

🔍 [DEBUG] New Request | Seed: 45 | CFG Ratio: 1.0
   Shape Received: [1, 6, 16, 48, 84] (Frames=16)
   Denoising Steps: 40 (Total 50 * Strength 0.8)
   CFG Strategy: Steps 0-39 [ON], Steps 40-39 [OFF]
   Step 0/40 | Mode: DOUBLE (CFG)
   Step 39/40 | Mode: DOUBLE (CFG)
✅ Done. Time: 17.3867s
INFO:     127.0.0.1:43464 - "POST /inference HTTP/1.1" 200 OK

🔍 [DEBUG] New Request | Seed: 43 | CFG Ratio: 1.0
   Shape Received: [1, 7, 16, 48, 84] (Frames=16)
   Denoising Steps: 40 (Total 50 * Strength 0.8)
   CFG Strategy: Steps 0-39 [ON], Steps 40-39 [OFF]
   Step 0/40 | Mode: DOUBLE (CFG)
   Step 39/40 | Mode: DOUBLE (CFG)
✅ Done. Time: 20.6604s
INFO:     127.0.0.1:46754 - "POST /inference HTTP/1.1" 200 OK

🔍 [DEBUG] New Request | Seed: 44 | CFG Ratio: 1.0
   Shape Received: [1, 7, 16, 48, 84] (Frames=16)
   Denoising Steps: 40 (Total 50 * Strength 0.8)
   CFG Strategy: Steps 0-39 [ON], Steps 40-39 [OFF]
   Step 0/40 | Mode: DOUBLE (CFG)
   Step 39/40 | Mode: DOUBLE (CFG)
✅ Done. Time: 20.6598s
INFO:     127.0.0.1:57940 - "POST /inference HTTP/1.1" 200 OK

🔍 [DEBUG] New Request | Seed: 45 | CFG Ratio: 1.0
   Shape Received: [1, 7, 16, 48, 84] (Frames=16)
   Denoising Steps: 40 (Total 50 * Strength 0.8)
   CFG Strategy: Steps 0-39 [ON], Steps 40-39 [OFF]
   Step 0/40 | Mode: DOUBLE (CFG)
   Step 39/40 | Mode: DOUBLE (CFG)
✅ Done. Time: 20.6660s
INFO:     127.0.0.1:51636 - "POST /inference HTTP/1.1" 200 OK

🔍 [DEBUG] New Request | Seed: 43 | CFG Ratio: 1.0
   Shape Received: [1, 8, 16, 48, 84] (Frames=16)
   Denoising Steps: 40 (Total 50 * Strength 0.8)
   CFG Strategy: Steps 0-39 [ON], Steps 40-39 [OFF]
   Step 0/40 | Mode: DOUBLE (CFG)
   Step 39/40 | Mode: DOUBLE (CFG)
✅ Done. Time: 24.4429s
INFO:     127.0.0.1:47192 - "POST /inference HTTP/1.1" 200 OK

🔍 [DEBUG] New Request | Seed: 44 | CFG Ratio: 1.0
   Shape Received: [1, 8, 16, 48, 84] (Frames=16)
   Denoising Steps: 40 (Total 50 * Strength 0.8)
   CFG Strategy: Steps 0-39 [ON], Steps 40-39 [OFF]
   Step 0/40 | Mode: DOUBLE (CFG)
   Step 39/40 | Mode: DOUBLE (CFG)
✅ Done. Time: 24.4216s
INFO:     127.0.0.1:41578 - "POST /inference HTTP/1.1" 200 OK

🔍 [DEBUG] New Request | Seed: 45 | CFG Ratio: 1.0
   Shape Received: [1, 8, 16, 48, 84] (Frames=16)
   Denoising Steps: 40 (Total 50 * Strength 0.8)
   CFG Strategy: Steps 0-39 [ON], Steps 40-39 [OFF]
   Step 0/40 | Mode: DOUBLE (CFG)
   Step 39/40 | Mode: DOUBLE (CFG)
✅ Done. Time: 24.4063s
INFO:     127.0.0.1:33072 - "POST /inference HTTP/1.1" 200 OK

🔍 [DEBUG] New Request | Seed: 43 | CFG Ratio: 1.0
   Shape Received: [1, 9, 16, 48, 84] (Frames=16)
   Denoising Steps: 40 (Total 50 * Strength 0.8)
   CFG Strategy: Steps 0-39 [ON], Steps 40-39 [OFF]
   Step 0/40 | Mode: DOUBLE (CFG)
   Step 39/40 | Mode: DOUBLE (CFG)
✅ Done. Time: 28.5192s
INFO:     127.0.0.1:43286 - "POST /inference HTTP/1.1" 200 OK

🔍 [DEBUG] New Request | Seed: 44 | CFG Ratio: 1.0
   Shape Received: [1, 9, 16, 48, 84] (Frames=16)
   Denoising Steps: 40 (Total 50 * Strength 0.8)
   CFG Strategy: Steps 0-39 [ON], Steps 40-39 [OFF]
   Step 0/40 | Mode: DOUBLE (CFG)
   Step 39/40 | Mode: DOUBLE (CFG)
✅ Done. Time: 28.5034s
INFO:     127.0.0.1:55642 - "POST /inference HTTP/1.1" 200 OK

🔍 [DEBUG] New Request | Seed: 45 | CFG Ratio: 1.0
   Shape Received: [1, 9, 16, 48, 84] (Frames=16)
   Denoising Steps: 40 (Total 50 * Strength 0.8)
   CFG Strategy: Steps 0-39 [ON], Steps 40-39 [OFF]
   Step 0/40 | Mode: DOUBLE (CFG)
   Step 39/40 | Mode: DOUBLE (CFG)
✅ Done. Time: 28.5024s
INFO:     127.0.0.1:56558 - "POST /inference HTTP/1.1" 200 OK

🔍 [DEBUG] New Request | Seed: 43 | CFG Ratio: 1.0
   Shape Received: [1, 10, 16, 48, 84] (Frames=16)
   Denoising Steps: 40 (Total 50 * Strength 0.8)
   CFG Strategy: Steps 0-39 [ON], Steps 40-39 [OFF]
   Step 0/40 | Mode: DOUBLE (CFG)
   Step 39/40 | Mode: DOUBLE (CFG)
✅ Done. Time: 32.1122s
INFO:     127.0.0.1:58256 - "POST /inference HTTP/1.1" 200 OK

🔍 [DEBUG] New Request | Seed: 44 | CFG Ratio: 1.0
   Shape Received: [1, 10, 16, 48, 84] (Frames=16)
   Denoising Steps: 40 (Total 50 * Strength 0.8)
   CFG Strategy: Steps 0-39 [ON], Steps 40-39 [OFF]
   Step 0/40 | Mode: DOUBLE (CFG)
   Step 39/40 | Mode: DOUBLE (CFG)
✅ Done. Time: 32.0742s
INFO:     127.0.0.1:58128 - "POST /inference HTTP/1.1" 200 OK

🔍 [DEBUG] New Request | Seed: 45 | CFG Ratio: 1.0
   Shape Received: [1, 10, 16, 48, 84] (Frames=16)
   Denoising Steps: 40 (Total 50 * Strength 0.8)
   CFG Strategy: Steps 0-39 [ON], Steps 40-39 [OFF]
   Step 0/40 | Mode: DOUBLE (CFG)
   Step 39/40 | Mode: DOUBLE (CFG)
✅ Done. Time: 32.0913s
INFO:     127.0.0.1:38164 - "POST /inference HTTP/1.1" 200 OK

🔍 [DEBUG] New Request | Seed: 43 | CFG Ratio: 1.0
   Shape Received: [1, 11, 16, 48, 84] (Frames=16)
   Denoising Steps: 40 (Total 50 * Strength 0.8)
   CFG Strategy: Steps 0-39 [ON], Steps 40-39 [OFF]
   Step 0/40 | Mode: DOUBLE (CFG)
   Step 39/40 | Mode: DOUBLE (CFG)
✅ Done. Time: 36.6656s
INFO:     127.0.0.1:42140 - "POST /inference HTTP/1.1" 200 OK

🔍 [DEBUG] New Request | Seed: 44 | CFG Ratio: 1.0
   Shape Received: [1, 11, 16, 48, 84] (Frames=16)
   Denoising Steps: 40 (Total 50 * Strength 0.8)
   CFG Strategy: Steps 0-39 [ON], Steps 40-39 [OFF]
   Step 0/40 | Mode: DOUBLE (CFG)
   Step 39/40 | Mode: DOUBLE (CFG)
✅ Done. Time: 36.6728s
INFO:     127.0.0.1:55188 - "POST /inference HTTP/1.1" 200 OK

🔍 [DEBUG] New Request | Seed: 45 | CFG Ratio: 1.0
   Shape Received: [1, 11, 16, 48, 84] (Frames=16)
   Denoising Steps: 40 (Total 50 * Strength 0.8)
   CFG Strategy: Steps 0-39 [ON], Steps 40-39 [OFF]
   Step 0/40 | Mode: DOUBLE (CFG)
   Step 39/40 | Mode: DOUBLE (CFG)
✅ Done. Time: 36.6736s
INFO:     127.0.0.1:51636 - "POST /inference HTTP/1.1" 200 OK

🔍 [DEBUG] New Request | Seed: 43 | CFG Ratio: 1.0
   Shape Received: [1, 12, 16, 48, 84] (Frames=16)
   Denoising Steps: 40 (Total 50 * Strength 0.8)
   CFG Strategy: Steps 0-39 [ON], Steps 40-39 [OFF]
   Step 0/40 | Mode: DOUBLE (CFG)
   Step 39/40 | Mode: DOUBLE (CFG)
✅ Done. Time: 41.5232s
INFO:     127.0.0.1:56546 - "POST /inference HTTP/1.1" 200 OK

🔍 [DEBUG] New Request | Seed: 44 | CFG Ratio: 1.0
   Shape Received: [1, 12, 16, 48, 84] (Frames=16)
   Denoising Steps: 40 (Total 50 * Strength 0.8)
   CFG Strategy: Steps 0-39 [ON], Steps 40-39 [OFF]
   Step 0/40 | Mode: DOUBLE (CFG)
   Step 39/40 | Mode: DOUBLE (CFG)
✅ Done. Time: 41.5139s
INFO:     127.0.0.1:55208 - "POST /inference HTTP/1.1" 200 OK

🔍 [DEBUG] New Request | Seed: 45 | CFG Ratio: 1.0
   Shape Received: [1, 12, 16, 48, 84] (Frames=16)
   Denoising Steps: 40 (Total 50 * Strength 0.8)
   CFG Strategy: Steps 0-39 [ON], Steps 40-39 [OFF]
   Step 0/40 | Mode: DOUBLE (CFG)
   Step 39/40 | Mode: DOUBLE (CFG)
✅ Done. Time: 41.5144s
INFO:     127.0.0.1:38522 - "POST /inference HTTP/1.1" 200 OK

🔍 [DEBUG] New Request | Seed: 43 | CFG Ratio: 1.0
   Shape Received: [1, 13, 16, 48, 84] (Frames=16)
   Denoising Steps: 40 (Total 50 * Strength 0.8)
   CFG Strategy: Steps 0-39 [ON], Steps 40-39 [OFF]
   Step 0/40 | Mode: DOUBLE (CFG)
   Step 39/40 | Mode: DOUBLE (CFG)
✅ Done. Time: 46.3825s
INFO:     127.0.0.1:40724 - "POST /inference HTTP/1.1" 200 OK

🔍 [DEBUG] New Request | Seed: 44 | CFG Ratio: 1.0
   Shape Received: [1, 13, 16, 48, 84] (Frames=16)
   Denoising Steps: 40 (Total 50 * Strength 0.8)
   CFG Strategy: Steps 0-39 [ON], Steps 40-39 [OFF]
   Step 0/40 | Mode: DOUBLE (CFG)
   Step 39/40 | Mode: DOUBLE (CFG)
✅ Done. Time: 46.3933s
INFO:     127.0.0.1:49998 - "POST /inference HTTP/1.1" 200 OK

🔍 [DEBUG] New Request | Seed: 45 | CFG Ratio: 1.0
   Shape Received: [1, 13, 16, 48, 84] (Frames=16)
   Denoising Steps: 40 (Total 50 * Strength 0.8)
   CFG Strategy: Steps 0-39 [ON], Steps 40-39 [OFF]
   Step 0/40 | Mode: DOUBLE (CFG)
   Step 39/40 | Mode: DOUBLE (CFG)
✅ Done. Time: 46.3840s
INFO:     127.0.0.1:41736 - "POST /inference HTTP/1.1" 200 OK

🔍 [DEBUG] New Request | Seed: 43 | CFG Ratio: 1.0
   Shape Received: [1, 9, 16, 48, 84] (Frames=16)
   Denoising Steps: 2 (Total 3 * Strength 0.8)
   CFG Strategy: Steps 0-1 [ON], Steps 2-1 [OFF]
   Step 0/2 | Mode: DOUBLE (CFG)
   Step 1/2 | Mode: DOUBLE (CFG)
✅ Done. Time: 1.5242s
INFO:     127.0.0.1:42238 - "POST /inference HTTP/1.1" 200 OK

🔍 [DEBUG] New Request | Seed: 44 | CFG Ratio: 1.0
   Shape Received: [1, 9, 16, 48, 84] (Frames=16)
   Denoising Steps: 2 (Total 3 * Strength 0.8)
   CFG Strategy: Steps 0-1 [ON], Steps 2-1 [OFF]
   Step 0/2 | Mode: DOUBLE (CFG)
   Step 1/2 | Mode: DOUBLE (CFG)
✅ Done. Time: 1.5130s
INFO:     127.0.0.1:54916 - "POST /inference HTTP/1.1" 200 OK

🔍 [DEBUG] New Request | Seed: 45 | CFG Ratio: 1.0
   Shape Received: [1, 9, 16, 48, 84] (Frames=16)
   Denoising Steps: 2 (Total 3 * Strength 0.8)
   CFG Strategy: Steps 0-1 [ON], Steps 2-1 [OFF]
   Step 0/2 | Mode: DOUBLE (CFG)
   Step 1/2 | Mode: DOUBLE (CFG)
✅ Done. Time: 1.5174s
INFO:     127.0.0.1:45302 - "POST /inference HTTP/1.1" 200 OK

🔍 [DEBUG] New Request | Seed: 43 | CFG Ratio: 1.0
   Shape Received: [1, 9, 16, 48, 84] (Frames=16)
   Denoising Steps: 4 (Total 5 * Strength 0.8)
   CFG Strategy: Steps 0-3 [ON], Steps 4-3 [OFF]
   Step 0/4 | Mode: DOUBLE (CFG)
   Step 3/4 | Mode: DOUBLE (CFG)
✅ Done. Time: 2.9276s
INFO:     127.0.0.1:52640 - "POST /inference HTTP/1.1" 200 OK

🔍 [DEBUG] New Request | Seed: 44 | CFG Ratio: 1.0
   Shape Received: [1, 9, 16, 48, 84] (Frames=16)
   Denoising Steps: 4 (Total 5 * Strength 0.8)
   CFG Strategy: Steps 0-3 [ON], Steps 4-3 [OFF]
   Step 0/4 | Mode: DOUBLE (CFG)
   Step 3/4 | Mode: DOUBLE (CFG)
✅ Done. Time: 2.9260s
INFO:     127.0.0.1:46122 - "POST /inference HTTP/1.1" 200 OK

🔍 [DEBUG] New Request | Seed: 45 | CFG Ratio: 1.0
   Shape Received: [1, 9, 16, 48, 84] (Frames=16)
   Denoising Steps: 4 (Total 5 * Strength 0.8)
   CFG Strategy: Steps 0-3 [ON], Steps 4-3 [OFF]
   Step 0/4 | Mode: DOUBLE (CFG)
   Step 3/4 | Mode: DOUBLE (CFG)
✅ Done. Time: 2.9363s
INFO:     127.0.0.1:41896 - "POST /inference HTTP/1.1" 200 OK

🔍 [DEBUG] New Request | Seed: 43 | CFG Ratio: 1.0
   Shape Received: [1, 9, 16, 48, 84] (Frames=16)
   Denoising Steps: 6 (Total 8 * Strength 0.8)
   CFG Strategy: Steps 0-5 [ON], Steps 6-5 [OFF]
   Step 0/6 | Mode: DOUBLE (CFG)
   Step 5/6 | Mode: DOUBLE (CFG)
✅ Done. Time: 4.3450s
INFO:     127.0.0.1:50296 - "POST /inference HTTP/1.1" 200 OK

🔍 [DEBUG] New Request | Seed: 44 | CFG Ratio: 1.0
   Shape Received: [1, 9, 16, 48, 84] (Frames=16)
   Denoising Steps: 6 (Total 8 * Strength 0.8)
   CFG Strategy: Steps 0-5 [ON], Steps 6-5 [OFF]
   Step 0/6 | Mode: DOUBLE (CFG)
   Step 5/6 | Mode: DOUBLE (CFG)
✅ Done. Time: 4.3403s
INFO:     127.0.0.1:44162 - "POST /inference HTTP/1.1" 200 OK

🔍 [DEBUG] New Request | Seed: 45 | CFG Ratio: 1.0
   Shape Received: [1, 9, 16, 48, 84] (Frames=16)
   Denoising Steps: 6 (Total 8 * Strength 0.8)
   CFG Strategy: Steps 0-5 [ON], Steps 6-5 [OFF]
   Step 0/6 | Mode: DOUBLE (CFG)
   Step 5/6 | Mode: DOUBLE (CFG)
✅ Done. Time: 4.3379s
INFO:     127.0.0.1:50698 - "POST /inference HTTP/1.1" 200 OK

🔍 [DEBUG] New Request | Seed: 43 | CFG Ratio: 1.0
   Shape Received: [1, 9, 16, 48, 84] (Frames=16)
   Denoising Steps: 8 (Total 10 * Strength 0.8)
   CFG Strategy: Steps 0-7 [ON], Steps 8-7 [OFF]
   Step 0/8 | Mode: DOUBLE (CFG)
   Step 7/8 | Mode: DOUBLE (CFG)
✅ Done. Time: 5.7646s
INFO:     127.0.0.1:36524 - "POST /inference HTTP/1.1" 200 OK

🔍 [DEBUG] New Request | Seed: 44 | CFG Ratio: 1.0
   Shape Received: [1, 9, 16, 48, 84] (Frames=16)
   Denoising Steps: 8 (Total 10 * Strength 0.8)
   CFG Strategy: Steps 0-7 [ON], Steps 8-7 [OFF]
   Step 0/8 | Mode: DOUBLE (CFG)
   Step 7/8 | Mode: DOUBLE (CFG)
✅ Done. Time: 5.7683s
INFO:     127.0.0.1:34146 - "POST /inference HTTP/1.1" 200 OK

🔍 [DEBUG] New Request | Seed: 45 | CFG Ratio: 1.0
   Shape Received: [1, 9, 16, 48, 84] (Frames=16)
   Denoising Steps: 8 (Total 10 * Strength 0.8)
   CFG Strategy: Steps 0-7 [ON], Steps 8-7 [OFF]
   Step 0/8 | Mode: DOUBLE (CFG)
   Step 7/8 | Mode: DOUBLE (CFG)
✅ Done. Time: 5.7622s
INFO:     127.0.0.1:58380 - "POST /inference HTTP/1.1" 200 OK

🔍 [DEBUG] New Request | Seed: 43 | CFG Ratio: 1.0
   Shape Received: [1, 9, 16, 48, 84] (Frames=16)
   Denoising Steps: 12 (Total 15 * Strength 0.8)
   CFG Strategy: Steps 0-11 [ON], Steps 12-11 [OFF]
   Step 0/12 | Mode: DOUBLE (CFG)
   Step 11/12 | Mode: DOUBLE (CFG)
✅ Done. Time: 8.6062s
INFO:     127.0.0.1:41328 - "POST /inference HTTP/1.1" 200 OK

🔍 [DEBUG] New Request | Seed: 44 | CFG Ratio: 1.0
   Shape Received: [1, 9, 16, 48, 84] (Frames=16)
   Denoising Steps: 12 (Total 15 * Strength 0.8)
   CFG Strategy: Steps 0-11 [ON], Steps 12-11 [OFF]
   Step 0/12 | Mode: DOUBLE (CFG)
   Step 11/12 | Mode: DOUBLE (CFG)
✅ Done. Time: 8.6025s
INFO:     127.0.0.1:41792 - "POST /inference HTTP/1.1" 200 OK

🔍 [DEBUG] New Request | Seed: 45 | CFG Ratio: 1.0
   Shape Received: [1, 9, 16, 48, 84] (Frames=16)
   Denoising Steps: 12 (Total 15 * Strength 0.8)
   CFG Strategy: Steps 0-11 [ON], Steps 12-11 [OFF]
   Step 0/12 | Mode: DOUBLE (CFG)
   Step 11/12 | Mode: DOUBLE (CFG)
✅ Done. Time: 8.6022s
INFO:     127.0.0.1:41844 - "POST /inference HTTP/1.1" 200 OK

🔍 [DEBUG] New Request | Seed: 43 | CFG Ratio: 1.0
   Shape Received: [1, 9, 16, 48, 84] (Frames=16)
   Denoising Steps: 16 (Total 20 * Strength 0.8)
   CFG Strategy: Steps 0-15 [ON], Steps 16-15 [OFF]
   Step 0/16 | Mode: DOUBLE (CFG)
   Step 15/16 | Mode: DOUBLE (CFG)
✅ Done. Time: 11.4454s
INFO:     127.0.0.1:37284 - "POST /inference HTTP/1.1" 200 OK

🔍 [DEBUG] New Request | Seed: 44 | CFG Ratio: 1.0
   Shape Received: [1, 9, 16, 48, 84] (Frames=16)
   Denoising Steps: 16 (Total 20 * Strength 0.8)
   CFG Strategy: Steps 0-15 [ON], Steps 16-15 [OFF]
   Step 0/16 | Mode: DOUBLE (CFG)
   Step 15/16 | Mode: DOUBLE (CFG)
✅ Done. Time: 11.4396s
INFO:     127.0.0.1:47112 - "POST /inference HTTP/1.1" 200 OK

🔍 [DEBUG] New Request | Seed: 45 | CFG Ratio: 1.0
   Shape Received: [1, 9, 16, 48, 84] (Frames=16)
   Denoising Steps: 16 (Total 20 * Strength 0.8)
   CFG Strategy: Steps 0-15 [ON], Steps 16-15 [OFF]
   Step 0/16 | Mode: DOUBLE (CFG)
   Step 15/16 | Mode: DOUBLE (CFG)
✅ Done. Time: 11.4487s
INFO:     127.0.0.1:55330 - "POST /inference HTTP/1.1" 200 OK

🔍 [DEBUG] New Request | Seed: 43 | CFG Ratio: 1.0
   Shape Received: [1, 9, 16, 48, 84] (Frames=16)
   Denoising Steps: 24 (Total 30 * Strength 0.8)
   CFG Strategy: Steps 0-23 [ON], Steps 24-23 [OFF]
   Step 0/24 | Mode: DOUBLE (CFG)
   Step 23/24 | Mode: DOUBLE (CFG)
✅ Done. Time: 17.1121s
INFO:     127.0.0.1:37426 - "POST /inference HTTP/1.1" 200 OK

🔍 [DEBUG] New Request | Seed: 44 | CFG Ratio: 1.0
   Shape Received: [1, 9, 16, 48, 84] (Frames=16)
   Denoising Steps: 24 (Total 30 * Strength 0.8)
   CFG Strategy: Steps 0-23 [ON], Steps 24-23 [OFF]
   Step 0/24 | Mode: DOUBLE (CFG)
   Step 23/24 | Mode: DOUBLE (CFG)
✅ Done. Time: 17.1246s
INFO:     127.0.0.1:56908 - "POST /inference HTTP/1.1" 200 OK

🔍 [DEBUG] New Request | Seed: 45 | CFG Ratio: 1.0
   Shape Received: [1, 9, 16, 48, 84] (Frames=16)
   Denoising Steps: 24 (Total 30 * Strength 0.8)
   CFG Strategy: Steps 0-23 [ON], Steps 24-23 [OFF]
   Step 0/24 | Mode: DOUBLE (CFG)
   Step 23/24 | Mode: DOUBLE (CFG)
✅ Done. Time: 17.1034s
INFO:     127.0.0.1:49052 - "POST /inference HTTP/1.1" 200 OK

🔍 [DEBUG] New Request | Seed: 43 | CFG Ratio: 1.0
   Shape Received: [1, 9, 16, 48, 84] (Frames=16)
   Denoising Steps: 32 (Total 40 * Strength 0.8)
   CFG Strategy: Steps 0-31 [ON], Steps 32-31 [OFF]
   Step 0/32 | Mode: DOUBLE (CFG)
   Step 31/32 | Mode: DOUBLE (CFG)
✅ Done. Time: 22.8130s
INFO:     127.0.0.1:45268 - "POST /inference HTTP/1.1" 200 OK

🔍 [DEBUG] New Request | Seed: 44 | CFG Ratio: 1.0
   Shape Received: [1, 9, 16, 48, 84] (Frames=16)
   Denoising Steps: 32 (Total 40 * Strength 0.8)
   CFG Strategy: Steps 0-31 [ON], Steps 32-31 [OFF]
   Step 0/32 | Mode: DOUBLE (CFG)
   Step 31/32 | Mode: DOUBLE (CFG)
✅ Done. Time: 22.8145s
INFO:     127.0.0.1:45780 - "POST /inference HTTP/1.1" 200 OK

🔍 [DEBUG] New Request | Seed: 45 | CFG Ratio: 1.0
   Shape Received: [1, 9, 16, 48, 84] (Frames=16)
   Denoising Steps: 32 (Total 40 * Strength 0.8)
   CFG Strategy: Steps 0-31 [ON], Steps 32-31 [OFF]
   Step 0/32 | Mode: DOUBLE (CFG)
   Step 31/32 | Mode: DOUBLE (CFG)
✅ Done. Time: 22.8250s
INFO:     127.0.0.1:45984 - "POST /inference HTTP/1.1" 200 OK

🔍 [DEBUG] New Request | Seed: 43 | CFG Ratio: 1.0
   Shape Received: [1, 9, 16, 48, 84] (Frames=16)
   Denoising Steps: 40 (Total 50 * Strength 0.8)
   CFG Strategy: Steps 0-39 [ON], Steps 40-39 [OFF]
   Step 0/40 | Mode: DOUBLE (CFG)
   Step 39/40 | Mode: DOUBLE (CFG)
✅ Done. Time: 28.5015s
INFO:     127.0.0.1:51620 - "POST /inference HTTP/1.1" 200 OK

🔍 [DEBUG] New Request | Seed: 44 | CFG Ratio: 1.0
   Shape Received: [1, 9, 16, 48, 84] (Frames=16)
   Denoising Steps: 40 (Total 50 * Strength 0.8)
   CFG Strategy: Steps 0-39 [ON], Steps 40-39 [OFF]
   Step 0/40 | Mode: DOUBLE (CFG)
   Step 39/40 | Mode: DOUBLE (CFG)
✅ Done. Time: 28.5272s
INFO:     127.0.0.1:40090 - "POST /inference HTTP/1.1" 200 OK

🔍 [DEBUG] New Request | Seed: 45 | CFG Ratio: 1.0
   Shape Received: [1, 9, 16, 48, 84] (Frames=16)
   Denoising Steps: 40 (Total 50 * Strength 0.8)
   CFG Strategy: Steps 0-39 [ON], Steps 40-39 [OFF]
   Step 0/40 | Mode: DOUBLE (CFG)
   Step 39/40 | Mode: DOUBLE (CFG)
✅ Done. Time: 28.5220s
INFO:     127.0.0.1:38950 - "POST /inference HTTP/1.1" 200 OK

🔍 [DEBUG] New Request | Seed: 43 | CFG Ratio: 0.0
   Shape Received: [1, 9, 16, 48, 84] (Frames=16)
   Denoising Steps: 40 (Total 50 * Strength 0.8)
   CFG Strategy: Steps 0--1 [ON], Steps 0-39 [OFF]
   Step 0/40 | Mode: SINGLE (Fast)
✅ Done. Time: 14.3934s
INFO:     127.0.0.1:38670 - "POST /inference HTTP/1.1" 200 OK

🔍 [DEBUG] New Request | Seed: 44 | CFG Ratio: 0.0
   Shape Received: [1, 9, 16, 48, 84] (Frames=16)
   Denoising Steps: 40 (Total 50 * Strength 0.8)
   CFG Strategy: Steps 0--1 [ON], Steps 0-39 [OFF]
   Step 0/40 | Mode: SINGLE (Fast)
✅ Done. Time: 14.3780s
INFO:     127.0.0.1:44298 - "POST /inference HTTP/1.1" 200 OK

🔍 [DEBUG] New Request | Seed: 45 | CFG Ratio: 0.0
   Shape Received: [1, 9, 16, 48, 84] (Frames=16)
   Denoising Steps: 40 (Total 50 * Strength 0.8)
   CFG Strategy: Steps 0--1 [ON], Steps 0-39 [OFF]
   Step 0/40 | Mode: SINGLE (Fast)
✅ Done. Time: 14.3839s
INFO:     127.0.0.1:52034 - "POST /inference HTTP/1.1" 200 OK

🔍 [DEBUG] New Request | Seed: 43 | CFG Ratio: 0.2
   Shape Received: [1, 9, 16, 48, 84] (Frames=16)
   Denoising Steps: 40 (Total 50 * Strength 0.8)
   CFG Strategy: Steps 0-7 [ON], Steps 8-39 [OFF]
   Step 0/40 | Mode: DOUBLE (CFG)
   Step 7/40 | Mode: DOUBLE (CFG)
   Step 8/40 | Mode: SINGLE (Fast)
✅ Done. Time: 17.2042s
INFO:     127.0.0.1:33130 - "POST /inference HTTP/1.1" 200 OK

🔍 [DEBUG] New Request | Seed: 44 | CFG Ratio: 0.2
   Shape Received: [1, 9, 16, 48, 84] (Frames=16)
   Denoising Steps: 40 (Total 50 * Strength 0.8)
   CFG Strategy: Steps 0-7 [ON], Steps 8-39 [OFF]
   Step 0/40 | Mode: DOUBLE (CFG)
   Step 7/40 | Mode: DOUBLE (CFG)
   Step 8/40 | Mode: SINGLE (Fast)
✅ Done. Time: 17.1874s
INFO:     127.0.0.1:45038 - "POST /inference HTTP/1.1" 200 OK

🔍 [DEBUG] New Request | Seed: 45 | CFG Ratio: 0.2
   Shape Received: [1, 9, 16, 48, 84] (Frames=16)
   Denoising Steps: 40 (Total 50 * Strength 0.8)
   CFG Strategy: Steps 0-7 [ON], Steps 8-39 [OFF]
   Step 0/40 | Mode: DOUBLE (CFG)
   Step 7/40 | Mode: DOUBLE (CFG)
   Step 8/40 | Mode: SINGLE (Fast)
✅ Done. Time: 17.1912s
INFO:     127.0.0.1:47412 - "POST /inference HTTP/1.1" 200 OK

🔍 [DEBUG] New Request | Seed: 43 | CFG Ratio: 0.3
   Shape Received: [1, 9, 16, 48, 84] (Frames=16)
   Denoising Steps: 40 (Total 50 * Strength 0.8)
   CFG Strategy: Steps 0-11 [ON], Steps 12-39 [OFF]
   Step 0/40 | Mode: DOUBLE (CFG)
   Step 11/40 | Mode: DOUBLE (CFG)
   Step 12/40 | Mode: SINGLE (Fast)
✅ Done. Time: 18.5991s
INFO:     127.0.0.1:41532 - "POST /inference HTTP/1.1" 200 OK

🔍 [DEBUG] New Request | Seed: 44 | CFG Ratio: 0.3
   Shape Received: [1, 9, 16, 48, 84] (Frames=16)
   Denoising Steps: 40 (Total 50 * Strength 0.8)
   CFG Strategy: Steps 0-11 [ON], Steps 12-39 [OFF]
   Step 0/40 | Mode: DOUBLE (CFG)
   Step 11/40 | Mode: DOUBLE (CFG)
   Step 12/40 | Mode: SINGLE (Fast)
✅ Done. Time: 18.6008s
INFO:     127.0.0.1:37664 - "POST /inference HTTP/1.1" 200 OK

🔍 [DEBUG] New Request | Seed: 45 | CFG Ratio: 0.3
   Shape Received: [1, 9, 16, 48, 84] (Frames=16)
   Denoising Steps: 40 (Total 50 * Strength 0.8)
   CFG Strategy: Steps 0-11 [ON], Steps 12-39 [OFF]
   Step 0/40 | Mode: DOUBLE (CFG)
   Step 11/40 | Mode: DOUBLE (CFG)
   Step 12/40 | Mode: SINGLE (Fast)
✅ Done. Time: 18.5945s
INFO:     127.0.0.1:50386 - "POST /inference HTTP/1.1" 200 OK

🔍 [DEBUG] New Request | Seed: 43 | CFG Ratio: 0.4
   Shape Received: [1, 9, 16, 48, 84] (Frames=16)
   Denoising Steps: 40 (Total 50 * Strength 0.8)
   CFG Strategy: Steps 0-15 [ON], Steps 16-39 [OFF]
   Step 0/40 | Mode: DOUBLE (CFG)
   Step 15/40 | Mode: DOUBLE (CFG)
   Step 16/40 | Mode: SINGLE (Fast)
✅ Done. Time: 20.0124s
INFO:     127.0.0.1:39498 - "POST /inference HTTP/1.1" 200 OK

🔍 [DEBUG] New Request | Seed: 44 | CFG Ratio: 0.4
   Shape Received: [1, 9, 16, 48, 84] (Frames=16)
   Denoising Steps: 40 (Total 50 * Strength 0.8)
   CFG Strategy: Steps 0-15 [ON], Steps 16-39 [OFF]
   Step 0/40 | Mode: DOUBLE (CFG)
   Step 15/40 | Mode: DOUBLE (CFG)
   Step 16/40 | Mode: SINGLE (Fast)
✅ Done. Time: 20.0175s
INFO:     127.0.0.1:32950 - "POST /inference HTTP/1.1" 200 OK

🔍 [DEBUG] New Request | Seed: 45 | CFG Ratio: 0.4
   Shape Received: [1, 9, 16, 48, 84] (Frames=16)
   Denoising Steps: 40 (Total 50 * Strength 0.8)
   CFG Strategy: Steps 0-15 [ON], Steps 16-39 [OFF]
   Step 0/40 | Mode: DOUBLE (CFG)
   Step 15/40 | Mode: DOUBLE (CFG)
   Step 16/40 | Mode: SINGLE (Fast)
✅ Done. Time: 20.0196s
INFO:     127.0.0.1:50680 - "POST /inference HTTP/1.1" 200 OK

🔍 [DEBUG] New Request | Seed: 43 | CFG Ratio: 0.5
   Shape Received: [1, 9, 16, 48, 84] (Frames=16)
   Denoising Steps: 40 (Total 50 * Strength 0.8)
   CFG Strategy: Steps 0-19 [ON], Steps 20-39 [OFF]
   Step 0/40 | Mode: DOUBLE (CFG)
   Step 19/40 | Mode: DOUBLE (CFG)
   Step 20/40 | Mode: SINGLE (Fast)
✅ Done. Time: 21.4378s
INFO:     127.0.0.1:33816 - "POST /inference HTTP/1.1" 200 OK

🔍 [DEBUG] New Request | Seed: 44 | CFG Ratio: 0.5
   Shape Received: [1, 9, 16, 48, 84] (Frames=16)
   Denoising Steps: 40 (Total 50 * Strength 0.8)
   CFG Strategy: Steps 0-19 [ON], Steps 20-39 [OFF]
   Step 0/40 | Mode: DOUBLE (CFG)
   Step 19/40 | Mode: DOUBLE (CFG)
   Step 20/40 | Mode: SINGLE (Fast)
✅ Done. Time: 21.4163s
INFO:     127.0.0.1:34130 - "POST /inference HTTP/1.1" 200 OK

🔍 [DEBUG] New Request | Seed: 45 | CFG Ratio: 0.5
   Shape Received: [1, 9, 16, 48, 84] (Frames=16)
   Denoising Steps: 40 (Total 50 * Strength 0.8)
   CFG Strategy: Steps 0-19 [ON], Steps 20-39 [OFF]
   Step 0/40 | Mode: DOUBLE (CFG)
   Step 19/40 | Mode: DOUBLE (CFG)
   Step 20/40 | Mode: SINGLE (Fast)
✅ Done. Time: 21.4377s
INFO:     127.0.0.1:58582 - "POST /inference HTTP/1.1" 200 OK

🔍 [DEBUG] New Request | Seed: 43 | CFG Ratio: 0.8
   Shape Received: [1, 9, 16, 48, 84] (Frames=16)
   Denoising Steps: 40 (Total 50 * Strength 0.8)
   CFG Strategy: Steps 0-31 [ON], Steps 32-39 [OFF]
   Step 0/40 | Mode: DOUBLE (CFG)
   Step 31/40 | Mode: DOUBLE (CFG)
   Step 32/40 | Mode: SINGLE (Fast)
✅ Done. Time: 25.6586s
INFO:     127.0.0.1:43664 - "POST /inference HTTP/1.1" 200 OK

🔍 [DEBUG] New Request | Seed: 44 | CFG Ratio: 0.8
   Shape Received: [1, 9, 16, 48, 84] (Frames=16)
   Denoising Steps: 40 (Total 50 * Strength 0.8)
   CFG Strategy: Steps 0-31 [ON], Steps 32-39 [OFF]
   Step 0/40 | Mode: DOUBLE (CFG)
   Step 31/40 | Mode: DOUBLE (CFG)
   Step 32/40 | Mode: SINGLE (Fast)
✅ Done. Time: 25.6732s
INFO:     127.0.0.1:39040 - "POST /inference HTTP/1.1" 200 OK

🔍 [DEBUG] New Request | Seed: 45 | CFG Ratio: 0.8
   Shape Received: [1, 9, 16, 48, 84] (Frames=16)
   Denoising Steps: 40 (Total 50 * Strength 0.8)
   CFG Strategy: Steps 0-31 [ON], Steps 32-39 [OFF]
   Step 0/40 | Mode: DOUBLE (CFG)
   Step 31/40 | Mode: DOUBLE (CFG)
   Step 32/40 | Mode: SINGLE (Fast)
✅ Done. Time: 25.6976s
INFO:     127.0.0.1:52436 - "POST /inference HTTP/1.1" 200 OK

🔍 [DEBUG] New Request | Seed: 43 | CFG Ratio: 1.0
   Shape Received: [1, 9, 16, 48, 84] (Frames=16)
   Denoising Steps: 40 (Total 50 * Strength 0.8)
   CFG Strategy: Steps 0-39 [ON], Steps 40-39 [OFF]
   Step 0/40 | Mode: DOUBLE (CFG)
   Step 39/40 | Mode: DOUBLE (CFG)
✅ Done. Time: 28.5098s
INFO:     127.0.0.1:49298 - "POST /inference HTTP/1.1" 200 OK

🔍 [DEBUG] New Request | Seed: 44 | CFG Ratio: 1.0
   Shape Received: [1, 9, 16, 48, 84] (Frames=16)
   Denoising Steps: 40 (Total 50 * Strength 0.8)
   CFG Strategy: Steps 0-39 [ON], Steps 40-39 [OFF]
   Step 0/40 | Mode: DOUBLE (CFG)
   Step 39/40 | Mode: DOUBLE (CFG)
✅ Done. Time: 28.5014s
INFO:     127.0.0.1:51250 - "POST /inference HTTP/1.1" 200 OK

🔍 [DEBUG] New Request | Seed: 45 | CFG Ratio: 1.0
   Shape Received: [1, 9, 16, 48, 84] (Frames=16)
   Denoising Steps: 40 (Total 50 * Strength 0.8)
   CFG Strategy: Steps 0-39 [ON], Steps 40-39 [OFF]
   Step 0/40 | Mode: DOUBLE (CFG)
   Step 39/40 | Mode: DOUBLE (CFG)
✅ Done. Time: 28.5064s
INFO:     127.0.0.1:59444 - "POST /inference HTTP/1.1" 200 OK
INFO:     Shutting down
INFO:     Waiting for application shutdown.
INFO:     Application shutdown complete.
INFO:     Finished server process [8807]
